<?xml version="1.0" encoding="UTF-8"?>
<!-- Generated by org.testng.reporters.JUnitXMLReporter -->
<testsuite ignored="0" hostname="Surbhi" failures="1" tests="1" name="Error Validation" time="3.909" errors="0" timestamp="2024-07-09T13:41:50 IST">
  <testcase classname="rahulsshettyacademy.ErrorValidation" name="LoginErrorValidationt" time="0.402">
    <failure type="java.lang.AssertionError" message="expected [Incorrect email or password.] but found [Incorrect email or password,]">
      <![CDATA[java.lang.AssertionError: expected [Incorrect email or password.] but found [Incorrect email or password,]
at rahulsshettyacademy.ErrorValidation.LoginErrorValidationt(ErrorValidation.java:32)
at java.base/java.util.ArrayList.forEach(ArrayList.java:1511)
at java.base/java.util.concurrent.FutureTask.run(FutureTask.java:264)
at java.base/java.util.concurrent.ThreadPoolExecutor.runWorker(ThreadPoolExecutor.java:1136)
at java.base/java.util.concurrent.ThreadPoolExecutor$Worker.run(ThreadPoolExecutor.java:635)
at java.base/java.lang.Thread.run(Thread.java:840)
... Removed 23 stack frames]]>
    </failure>
  </testcase> <!-- LoginErrorValidationt -->
</testsuite> <!-- Error Validation -->
